#
# There is insufficient memory for the Java Runtime Environment to continue.
# Native memory allocation (mmap) failed to map 262668288 bytes for committing reserved memory.
# Possible reasons:
#   The system is out of physical RAM or swap space
#   In 32 bit mode, the process size limit was hit
# Possible solutions:
#   Reduce memory load on the system
#   Increase physical memory or swap space
#   Check if swap backing store is full
#   Use 64 bit Java on a 64 bit OS
#   Decrease Java heap size (-Xmx/-Xms)
#   Decrease number of Java threads
#   Decrease Java thread stack sizes (-Xss)
#   Set larger code cache with -XX:ReservedCodeCacheSize=
# This output file may be truncated or incomplete.
#
#  Out of Memory Error (os_linux.cpp:2673), pid=2304, tid=139620364027648
#
# JRE version: Java(TM) SE Runtime Environment (8.0_45-b14) (build 1.8.0_45-b14)
# Java VM: Java HotSpot(TM) 64-Bit Server VM (25.45-b02 mixed mode linux-amd64 compressed oops)
# Failed to write core dump. Core dumps have been disabled. To enable core dumping, try "ulimit -c unlimited" before starting Java again
#

---------------  T H R E A D  ---------------

Current thread (0x00007efbfc073800):  VMThread [stack: 0x00007efbe6238000,0x00007efbe6339000] [id=2319]

Stack: [0x00007efbe6238000,0x00007efbe6339000],  sp=0x00007efbe6337260,  free space=1020k
Native frames: (J=compiled Java code, j=interpreted, Vv=VM code, C=native code)
V  [libjvm.so+0xaac99a]  VMError::report_and_die()+0x2ba
V  [libjvm.so+0x4f333b]  report_vm_out_of_memory(char const*, int, unsigned long, VMErrorType, char const*)+0x8b
V  [libjvm.so+0x90e7c3]  os::Linux::commit_memory_impl(char*, unsigned long, bool)+0x103
V  [libjvm.so+0x90ed19]  os::pd_commit_memory(char*, unsigned long, unsigned long, bool)+0x29
V  [libjvm.so+0x90867a]  os::commit_memory(char*, unsigned long, unsigned long, bool)+0x2a
V  [libjvm.so+0x97bac3]  PSVirtualSpace::expand_by(unsigned long)+0x53
V  [libjvm.so+0x96c320]  PSOldGen::expand(unsigned long)+0x170
V  [libjvm.so+0x96c52b]  PSOldGen::resize(unsigned long)+0x1cb
V  [libjvm.so+0x974241]  PSParallelCompact::invoke_no_policy(bool)+0x9d1
V  [libjvm.so+0x979bed]  PSScavenge::invoke()+0x1ad
V  [libjvm.so+0x932050]  ParallelScavengeHeap::failed_mem_allocate(unsigned long)+0x70
V  [libjvm.so+0xaae1d7]  VM_ParallelGCFailedAllocation::doit()+0x97
V  [libjvm.so+0xab59c5]  VM_Operation::evaluate()+0x55
V  [libjvm.so+0xab3d9a]  VMThread::evaluate_operation(VM_Operation*)+0xba
V  [libjvm.so+0xab411e]  VMThread::loop()+0x1ce
V  [libjvm.so+0xab4590]  VMThread::run()+0x70
V  [libjvm.so+0x910de8]  java_start(Thread*)+0x108

VM_Operation (0x00007efc02709570): ParallelGCFailedAllocation, mode: safepoint, requested by thread 0x00007efbfc009800


---------------  P R O C E S S  ---------------

Java Threads: ( => current thread )
  0x00007efbfc0bc000 JavaThread "Service Thread" daemon [_thread_blocked, id=2328, stack(0x00007efbe5264000,0x00007efbe5365000)]
  0x00007efbfc0b7000 JavaThread "C1 CompilerThread1" daemon [_thread_blocked, id=2325, stack(0x00007efbe5365000,0x00007efbe5466000)]
  0x00007efbfc0b4000 JavaThread "C2 CompilerThread0" daemon [_thread_blocked, id=2324, stack(0x00007efbe5466000,0x00007efbe5567000)]
  0x00007efbfc0b2800 JavaThread "Signal Dispatcher" daemon [_thread_blocked, id=2323, stack(0x00007efbe5567000,0x00007efbe5668000)]
  0x00007efbfc07a800 JavaThread "Finalizer" daemon [_thread_blocked, id=2321, stack(0x00007efbe6036000,0x00007efbe6137000)]
  0x00007efbfc078800 JavaThread "Reference Handler" daemon [_thread_blocked, id=2320, stack(0x00007efbe6137000,0x00007efbe6238000)]
  0x00007efbfc009800 JavaThread "main" [_thread_blocked, id=2306, stack(0x00007efc0260a000,0x00007efc0270b000)]

Other Threads:
=>0x00007efbfc073800 VMThread [stack: 0x00007efbe6238000,0x00007efbe6339000] [id=2319]
  0x00007efbfc0be800 WatcherThread [stack: 0x00007efbe5163000,0x00007efbe5264000] [id=2332]

VM state:at safepoint (normal execution)

VM Mutex/Monitor currently owned by a thread:  ([mutex/lock_event])
[0x00007efbfc005880] ExpandHeap_lock - owner thread: 0x00007efbfc073800
[0x00007efbfc005f00] Threads_lock - owner thread: 0x00007efbfc073800
[0x00007efbfc006400] Heap_lock - owner thread: 0x00007efbfc009800

Heap:
 PSYoungGen      total 302592K, used 0K [0x00000000d5580000, 0x00000000f6b80000, 0x0000000100000000)
  eden space 69632K, 0% used [0x00000000d5580000,0x00000000d5580000,0x00000000d9980000)
  from space 232960K, 0% used [0x00000000d9980000,0x00000000d9980000,0x00000000e7d00000)
  to   space 232960K, 0% used [0x00000000e8800000,0x00000000e8800000,0x00000000f6b80000)
 ParOldGen       total 1139712K, used 1136291K [0x0000000080000000, 0x00000000c5900000, 0x00000000d5580000)
  object space 1139712K, 99% used [0x0000000080000000,0x00000000c55a8d20,0x00000000c5900000)
 Metaspace       used 2503K, capacity 4564K, committed 4864K, reserved 1056768K
  class space    used 268K, capacity 388K, committed 512K, reserved 1048576K

Card table byte_map: [0x00007efbebde8000,0x00007efbec1e9000] byte_map_base: 0x00007efbeb9e8000

Marking Bits: (ParMarkBitMap*) 0x00007efc01ae3760
 Begin Bits: [0x00007efbe7a3c000, 0x00007efbe9a3c000)
 End Bits:   [0x00007efbe9a3c000, 0x00007efbeba3c000)

Polling page: 0x00007efc0272a000

CodeCache: size=245760Kb used=1203Kb max_used=1217Kb free=244556Kb
 bounds [0x00007efbec5a9000, 0x00007efbec819000, 0x00007efbfb5a9000]
 total_blobs=299 nmethods=69 adapters=146
 compilation: enabled

Compilation events (10 events):
Event: 0.260 Thread 0x00007efbfc0b4000   65 %     4       edu.rcc.datastructures.HashingSearch::resize @ 19 (118 bytes)
Event: 0.274 Thread 0x00007efbfc0b4000 nmethod 65% 0x00007efbec6d3f10 code [0x00007efbec6d40c0, 0x00007efbec6d46a8]
Event: 0.347 Thread 0x00007efbfc0b4000   66       4       edu.rcc.datastructures.HashingSearch::resize (118 bytes)
Event: 0.362 Thread 0x00007efbfc0b4000 nmethod 66 0x00007efbec6d2f50 code [0x00007efbec6d3100, 0x00007efbec6d3788]
Event: 6.925 Thread 0x00007efbfc0b7000   67 %     3       edu.rcc.datastructures.TestSearch::fill @ 29 (98 bytes)
Event: 6.927 Thread 0x00007efbfc0b4000   68       4       java.lang.Integer::valueOf (32 bytes)
Event: 6.930 Thread 0x00007efbfc0b4000 nmethod 68 0x00007efbec6d50d0 code [0x00007efbec6d5220, 0x00007efbec6d52f8]
Event: 6.932 Thread 0x00007efbfc0b7000 nmethod 67% 0x00007efbec6d6b90 code [0x00007efbec6d6e40, 0x00007efbec6d8238]
Event: 6.933 Thread 0x00007efbfc0b4000   69 %     4       edu.rcc.datastructures.TestSearch::fill @ 29 (98 bytes)
Event: 6.948 Thread 0x00007efbfc0b4000 nmethod 69% 0x00007efbec6cd750 code [0x00007efbec6cd980, 0x00007efbec6ce748]

GC Heap History (10 events):
Event: 17.401 GC heap after
Heap after GC invocations=28 (full 6):
 PSYoungGen      total 267264K, used 179936K [0x00000000d5580000, 0x00000000f5f80000, 0x0000000100000000)
  eden space 57856K, 0% used [0x00000000d5580000,0x00000000d5580000,0x00000000d8e00000)
  from space 209408K, 85% used [0x00000000e6d00000,0x00000000f1cb8000,0x00000000f3980000)
  to   space 228352K, 0% used [0x00000000d8e00000,0x00000000d8e00000,0x00000000e6d00000)
 ParOldGen       total 928256K, used 798982K [0x0000000080000000, 0x00000000b8a80000, 0x00000000d5580000)
  object space 928256K, 86% used [0x0000000080000000,0x00000000b0c419f0,0x00000000b8a80000)
 Metaspace       used 2503K, capacity 4564K, committed 4864K, reserved 1056768K
  class space    used 268K, capacity 388K, committed 512K, reserved 1048576K
}
Event: 17.672 GC heap before
{Heap before GC invocations=29 (full 6):
 PSYoungGen      total 267264K, used 237792K [0x00000000d5580000, 0x00000000f5f80000, 0x0000000100000000)
  eden space 57856K, 100% used [0x00000000d5580000,0x00000000d8e00000,0x00000000d8e00000)
  from space 209408K, 85% used [0x00000000e6d00000,0x00000000f1cb8000,0x00000000f3980000)
  to   space 228352K, 0% used [0x00000000d8e00000,0x00000000d8e00000,0x00000000e6d00000)
 ParOldGen       total 928256K, used 798982K [0x0000000080000000, 0x00000000b8a80000, 0x00000000d5580000)
  object space 928256K, 86% used [0x0000000080000000,0x00000000b0c419f0,0x00000000b8a80000)
 Metaspace       used 2503K, capacity 4564K, committed 4864K, reserved 1056768K
  class space    used 268K, capacity 388K, committed 512K, reserved 1048576K
Event: 18.229 GC heap after
Heap after GC invocations=29 (full 6):
 PSYoungGen      total 286208K, used 185056K [0x00000000d5580000, 0x00000000f6280000, 0x0000000100000000)
  eden space 57856K, 0% used [0x00000000d5580000,0x00000000d5580000,0x00000000d8e00000)
  from space 228352K, 81% used [0x00000000d8e00000,0x00000000e42b8000,0x00000000e6d00000)
  to   space 232960K, 0% used [0x00000000e7f00000,0x00000000e7f00000,0x00000000f6280000)
 ParOldGen       total 928256K, used 851926K [0x0000000080000000, 0x00000000b8a80000, 0x00000000d5580000)
  object space 928256K, 91% used [0x0000000080000000,0x00000000b3ff59f0,0x00000000b8a80000)
 Metaspace       used 2503K, capacity 4564K, committed 4864K, reserved 1056768K
  class space    used 268K, capacity 388K, committed 512K, reserved 1048576K
}
Event: 18.229 GC heap before
{Heap before GC invocations=30 (full 7):
 PSYoungGen      total 286208K, used 185056K [0x00000000d5580000, 0x00000000f6280000, 0x0000000100000000)
  eden space 57856K, 0% used [0x00000000d5580000,0x00000000d5580000,0x00000000d8e00000)
  from space 228352K, 81% used [0x00000000d8e00000,0x00000000e42b8000,0x00000000e6d00000)
  to   space 232960K, 0% used [0x00000000e7f00000,0x00000000e7f00000,0x00000000f6280000)
 ParOldGen       total 928256K, used 851926K [0x0000000080000000, 0x00000000b8a80000, 0x00000000d5580000)
  object space 928256K, 91% used [0x0000000080000000,0x00000000b3ff59f0,0x00000000b8a80000)
 Metaspace       used 2503K, capacity 4564K, committed 4864K, reserved 1056768K
  class space    used 268K, capacity 388K, committed 512K, reserved 1048576K
Event: 21.032 GC heap after
Heap after GC invocations=30 (full 7):
 PSYoungGen      total 286208K, used 108132K [0x00000000d5580000, 0x00000000f6280000, 0x0000000100000000)
  eden space 57856K, 0% used [0x00000000d5580000,0x00000000d5580000,0x00000000d8e00000)
  from space 228352K, 47% used [0x00000000d8e00000,0x00000000df7992a0,0x00000000e6d00000)
  to   space 232960K, 0% used [0x00000000e7f00000,0x00000000e7f00000,0x00000000f6280000)
 ParOldGen       total 1139712K, used 928209K [0x0000000080000000, 0x00000000c5900000, 0x00000000d5580000)
  object space 1139712K, 81% used [0x0000000080000000,0x00000000b8a74710,0x00000000c5900000)
 Metaspace       used 2503K, capacity 4564K, committed 4864K, reserved 1056768K
  class space    used 268K, capacity 388K, committed 512K, reserved 1048576K
}
Event: 21.308 GC heap before
{Heap before GC invocations=31 (full 7):
 PSYoungGen      total 286208K, used 165988K [0x00000000d5580000, 0x00000000f6280000, 0x0000000100000000)
  eden space 57856K, 100% used [0x00000000d5580000,0x00000000d8e00000,0x00000000d8e00000)
  from space 228352K, 47% used [0x00000000d8e00000,0x00000000df7992a0,0x00000000e6d00000)
  to   space 232960K, 0% used [0x00000000e7f00000,0x00000000e7f00000,0x00000000f6280000)
 ParOldGen       total 1139712K, used 928209K [0x0000000080000000, 0x00000000c5900000, 0x00000000d5580000)
  object space 1139712K, 81% used [0x0000000080000000,0x00000000b8a74710,0x00000000c5900000)
 Metaspace       used 2503K, capacity 4564K, committed 4864K, reserved 1056768K
  class space    used 268K, capacity 388K, committed 512K, reserved 1048576K
Event: 21.923 GC heap after
Heap after GC invocations=31 (full 7):
 PSYoungGen      total 300544K, used 86592K [0x00000000d5580000, 0x00000000f6080000, 0x0000000100000000)
  eden space 69632K, 0% used [0x00000000d5580000,0x00000000d5580000,0x00000000d9980000)
  from space 230912K, 37% used [0x00000000e7f00000,0x00000000ed390000,0x00000000f6080000)
  to   space 232960K, 0% used [0x00000000d9980000,0x00000000d9980000,0x00000000e7d00000)
 ParOldGen       total 1139712K, used 1008065K [0x0000000080000000, 0x00000000c5900000, 0x00000000d5580000)
  object space 1139712K, 88% used [0x0000000080000000,0x00000000bd870710,0x00000000c5900000)
 Metaspace       used 2503K, capacity 4564K, committed 4864K, reserved 1056768K
  class space    used 268K, capacity 388K, committed 512K, reserved 1048576K
}
Event: 22.127 GC heap before
{Heap before GC invocations=32 (full 7):
 PSYoungGen      total 300544K, used 129763K [0x00000000d5580000, 0x00000000f6080000, 0x0000000100000000)
  eden space 69632K, 62% used [0x00000000d5580000,0x00000000d7fa8f70,0x00000000d9980000)
  from space 230912K, 37% used [0x00000000e7f00000,0x00000000ed390000,0x00000000f6080000)
  to   space 232960K, 0% used [0x00000000d9980000,0x00000000d9980000,0x00000000e7d00000)
 ParOldGen       total 1139712K, used 1008065K [0x0000000080000000, 0x00000000c5900000, 0x00000000d5580000)
  object space 1139712K, 88% used [0x0000000080000000,0x00000000bd870710,0x00000000c5900000)
 Metaspace       used 2503K, capacity 4564K, committed 4864K, reserved 1056768K
  class space    used 268K, capacity 388K, committed 512K, reserved 1048576K
Event: 22.524 GC heap after
Heap after GC invocations=32 (full 7):
 PSYoungGen      total 302592K, used 42176K [0x00000000d5580000, 0x00000000f6b80000, 0x0000000100000000)
  eden space 69632K, 0% used [0x00000000d5580000,0x00000000d5580000,0x00000000d9980000)
  from space 232960K, 18% used [0x00000000d9980000,0x00000000dc2b0000,0x00000000e7d00000)
  to   space 232960K, 0% used [0x00000000e8800000,0x00000000e8800000,0x00000000f6b80000)
 ParOldGen       total 1139712K, used 1094857K [0x0000000080000000, 0x00000000c5900000, 0x00000000d5580000)
  object space 1139712K, 96% used [0x0000000080000000,0x00000000c2d32710,0x00000000c5900000)
 Metaspace       used 2503K, capacity 4564K, committed 4864K, reserved 1056768K
  class space    used 268K, capacity 388K, committed 512K, reserved 1048576K
}
Event: 22.524 GC heap before
{Heap before GC invocations=33 (full 8):
 PSYoungGen      total 302592K, used 42176K [0x00000000d5580000, 0x00000000f6b80000, 0x0000000100000000)
  eden space 69632K, 0% used [0x00000000d5580000,0x00000000d5580000,0x00000000d9980000)
  from space 232960K, 18% used [0x00000000d9980000,0x00000000dc2b0000,0x00000000e7d00000)
  to   space 232960K, 0% used [0x00000000e8800000,0x00000000e8800000,0x00000000f6b80000)
 ParOldGen       total 1139712K, used 1094857K [0x0000000080000000, 0x00000000c5900000, 0x00000000d5580000)
  object space 1139712K, 96% used [0x0000000080000000,0x00000000c2d32710,0x00000000c5900000)
 Metaspace       used 2503K, capacity 4564K, committed 4864K, reserved 1056768K
  class space    used 268K, capacity 388K, committed 512K, reserved 1048576K

Deoptimization events (1 events):
Event: 6.925 Thread 0x00007efbfc009800 Uncommon trap: reason=unstable_if action=reinterpret pc=0x00007efbec6d1170 method=java.util.Random.nextInt(I)I @ 58

Internal exceptions (2 events):
Event: 0.034 Thread 0x00007efbfc009800 Exception <a 'java/lang/NoSuchMethodError': Method sun.misc.Unsafe.defineClass(Ljava/lang/String;[BII)Ljava/lang/Class; name or signature does not match> (0x00000000d5592a38) thrown at [/RE-WORK/workspace/8-2-build-linux-amd64/jdk8u45/3457/hotspot/src/sha
Event: 0.034 Thread 0x00007efbfc009800 Exception <a 'java/lang/NoSuchMethodError': Method sun.misc.Unsafe.prefetchRead(Ljava/lang/Object;J)V name or signature does not match> (0x00000000d5592cc8) thrown at [/RE-WORK/workspace/8-2-build-linux-amd64/jdk8u45/3457/hotspot/src/share/vm/prims/jni.cp

Events (10 events):
Event: 15.799 Executing VM operation: ParallelGCFailedAllocation done
Event: 16.082 Executing VM operation: ParallelGCFailedAllocation
Event: 16.521 Executing VM operation: ParallelGCFailedAllocation done
Event: 16.808 Executing VM operation: ParallelGCFailedAllocation
Event: 17.401 Executing VM operation: ParallelGCFailedAllocation done
Event: 17.671 Executing VM operation: ParallelGCFailedAllocation
Event: 21.032 Executing VM operation: ParallelGCFailedAllocation done
Event: 21.308 Executing VM operation: ParallelGCFailedAllocation
Event: 21.923 Executing VM operation: ParallelGCFailedAllocation done
Event: 22.127 Executing VM operation: ParallelGCFailedAllocation


Dynamic libraries:
00400000-00401000 r-xp 00000000 08:02 1198564                            /usr/lib/jvm/jdk1.8.0_45/bin/java
00600000-00601000 rw-p 00000000 08:02 1198564                            /usr/lib/jvm/jdk1.8.0_45/bin/java
01aa4000-01ac5000 rw-p 00000000 00:00 0                                  [heap]
80000000-c5900000 rw-p 00000000 00:00 0 
d5380000-d5580000 ---p 00000000 00:00 0 
d5580000-f6b80000 rw-p 00000000 00:00 0 
f6b80000-100000000 ---p 00000000 00:00 0 
100000000-100080000 rw-p 00000000 00:00 0 
100080000-140000000 ---p 00000000 00:00 0 
7efbb8000000-7efbb8021000 rw-p 00000000 00:00 0 
7efbb8021000-7efbbc000000 ---p 00000000 00:00 0 
7efbc0000000-7efbc00c1000 rw-p 00000000 00:00 0 
7efbc00c1000-7efbc4000000 ---p 00000000 00:00 0 
7efbc4000000-7efbc4021000 rw-p 00000000 00:00 0 
7efbc4021000-7efbc8000000 ---p 00000000 00:00 0 
7efbc8000000-7efbc8021000 rw-p 00000000 00:00 0 
7efbc8021000-7efbcc000000 ---p 00000000 00:00 0 
7efbcc000000-7efbcc211000 rw-p 00000000 00:00 0 
7efbcc211000-7efbd0000000 ---p 00000000 00:00 0 
7efbd0000000-7efbd0021000 rw-p 00000000 00:00 0 
7efbd0021000-7efbd4000000 ---p 00000000 00:00 0 
7efbd4000000-7efbd4021000 rw-p 00000000 00:00 0 
7efbd4021000-7efbd8000000 ---p 00000000 00:00 0 
7efbd8000000-7efbd87d2000 rw-p 00000000 00:00 0 
7efbd87d2000-7efbdc000000 ---p 00000000 00:00 0 
7efbdc000000-7efbdc021000 rw-p 00000000 00:00 0 
7efbdc021000-7efbe0000000 ---p 00000000 00:00 0 
7efbe0000000-7efbe0798000 rw-p 00000000 00:00 0 
7efbe0798000-7efbe4000000 ---p 00000000 00:00 0 
7efbe4edf000-7efbe5163000 rw-p 00000000 00:00 0 
7efbe5163000-7efbe5164000 ---p 00000000 00:00 0 
7efbe5164000-7efbe5264000 rw-p 00000000 00:00 0                          [stack:2332]
7efbe5264000-7efbe5267000 ---p 00000000 00:00 0 
7efbe5267000-7efbe5365000 rw-p 00000000 00:00 0                          [stack:2328]
7efbe5365000-7efbe5368000 ---p 00000000 00:00 0 
7efbe5368000-7efbe5466000 rw-p 00000000 00:00 0                          [stack:2325]
7efbe5466000-7efbe5469000 ---p 00000000 00:00 0 
7efbe5469000-7efbe5567000 rw-p 00000000 00:00 0                          [stack:2324]
7efbe5567000-7efbe556a000 ---p 00000000 00:00 0 
7efbe556a000-7efbe5668000 rw-p 00000000 00:00 0                          [stack:2323]
7efbe5668000-7efbe6036000 r--p 00000000 08:02 1708783                    /usr/lib/locale/locale-archive
7efbe6036000-7efbe6039000 ---p 00000000 00:00 0 
7efbe6039000-7efbe6137000 rw-p 00000000 00:00 0                          [stack:2321]
7efbe6137000-7efbe613a000 ---p 00000000 00:00 0 
7efbe613a000-7efbe6238000 rw-p 00000000 00:00 0                          [stack:2320]
7efbe6238000-7efbe6239000 ---p 00000000 00:00 0 
7efbe6239000-7efbe6c63000 rw-p 00000000 00:00 0                          [stack:2319]
7efbe6c63000-7efbe6e3c000 r--s 03d09000 08:02 533548                     /usr/lib/jvm/jdk1.8.0_45/jre/lib/rt.jar
7efbe6e3c000-7efbe727c000 rw-p 00000000 00:00 0 
7efbe727c000-7efbe763c000 ---p 00000000 00:00 0 
7efbe763c000-7efbeba3c000 rw-p 00000000 00:00 0 
7efbeba3c000-7efbeba3d000 ---p 00000000 00:00 0 
7efbeba3d000-7efbebd6a000 rw-p 00000000 00:00 0                          [stack:2317]
7efbebd6a000-7efbebde8000 ---p 00000000 00:00 0 
7efbebde8000-7efbec015000 rw-p 00000000 00:00 0 
7efbec015000-7efbec092000 ---p 00000000 00:00 0 
7efbec092000-7efbec19e000 rw-p 00000000 00:00 0 
7efbec19e000-7efbec1e8000 ---p 00000000 00:00 0 
7efbec1e8000-7efbec1f3000 rw-p 00000000 00:00 0 
7efbec1f3000-7efbec5a9000 ---p 00000000 00:00 0 
7efbec5a9000-7efbec819000 rwxp 00000000 00:00 0 
7efbec819000-7efbfb5a9000 ---p 00000000 00:00 0 
7efbfb5a9000-7efbfb5c3000 r-xp 00000000 08:02 533582                     /usr/lib/jvm/jdk1.8.0_45/jre/lib/amd64/libzip.so
7efbfb5c3000-7efbfb7c3000 ---p 0001a000 08:02 533582                     /usr/lib/jvm/jdk1.8.0_45/jre/lib/amd64/libzip.so
7efbfb7c3000-7efbfb7c4000 rw-p 0001a000 08:02 533582                     /usr/lib/jvm/jdk1.8.0_45/jre/lib/amd64/libzip.so
7efbfb7c4000-7efbfb7cf000 r-xp 00000000 08:02 2397248                    /lib/x86_64-linux-gnu/libnss_files-2.19.so
7efbfb7cf000-7efbfb9ce000 ---p 0000b000 08:02 2397248                    /lib/x86_64-linux-gnu/libnss_files-2.19.so
7efbfb9ce000-7efbfb9cf000 r--p 0000a000 08:02 2397248                    /lib/x86_64-linux-gnu/libnss_files-2.19.so
7efbfb9cf000-7efbfb9d0000 rw-p 0000b000 08:02 2397248                    /lib/x86_64-linux-gnu/libnss_files-2.19.so
7efbfb9d0000-7efbfb9db000 r-xp 00000000 08:02 2397268                    /lib/x86_64-linux-gnu/libnss_nis-2.19.so
7efbfb9db000-7efbfbbda000 ---p 0000b000 08:02 2397268                    /lib/x86_64-linux-gnu/libnss_nis-2.19.so
7efbfbbda000-7efbfbbdb000 r--p 0000a000 08:02 2397268                    /lib/x86_64-linux-gnu/libnss_nis-2.19.so
7efbfbbdb000-7efbfbbdc000 rw-p 0000b000 08:02 2397268                    /lib/x86_64-linux-gnu/libnss_nis-2.19.so
7efbfbbdc000-7efbfbbf3000 r-xp 00000000 08:02 2397257                    /lib/x86_64-linux-gnu/libnsl-2.19.so
7efbfbbf3000-7efbfbdf2000 ---p 00017000 08:02 2397257                    /lib/x86_64-linux-gnu/libnsl-2.19.so
7efbfbdf2000-7efbfbdf3000 r--p 00016000 08:02 2397257                    /lib/x86_64-linux-gnu/libnsl-2.19.so
7efbfbdf3000-7efbfbdf4000 rw-p 00017000 08:02 2397257                    /lib/x86_64-linux-gnu/libnsl-2.19.so
7efbfbdf4000-7efbfbdf6000 rw-p 00000000 00:00 0 
7efbfbdf6000-7efbfbdff000 r-xp 00000000 08:02 2397256                    /lib/x86_64-linux-gnu/libnss_compat-2.19.so
7efbfbdff000-7efbfbffe000 ---p 00009000 08:02 2397256                    /lib/x86_64-linux-gnu/libnss_compat-2.19.so
7efbfbffe000-7efbfbfff000 r--p 00008000 08:02 2397256                    /lib/x86_64-linux-gnu/libnss_compat-2.19.so
7efbfbfff000-7efbfc000000 rw-p 00009000 08:02 2397256                    /lib/x86_64-linux-gnu/libnss_compat-2.19.so
7efbfc000000-7efbfc0d5000 rw-p 00000000 00:00 0 
7efbfc0d5000-7efc00000000 ---p 00000000 00:00 0 
7efc00016000-7efc000fc000 rw-p 00000000 00:00 0 
7efc000fc000-7efc000fd000 ---p 00000000 00:00 0 
7efc000fd000-7efc001fd000 rw-p 00000000 00:00 0                          [stack:2314]
7efc001fd000-7efc00227000 r-xp 00000000 08:02 533573                     /usr/lib/jvm/jdk1.8.0_45/jre/lib/amd64/libjava.so
7efc00227000-7efc00427000 ---p 0002a000 08:02 533573                     /usr/lib/jvm/jdk1.8.0_45/jre/lib/amd64/libjava.so
7efc00427000-7efc00429000 rw-p 0002a000 08:02 533573                     /usr/lib/jvm/jdk1.8.0_45/jre/lib/amd64/libjava.so
7efc00429000-7efc00436000 r-xp 00000000 08:02 533642                     /usr/lib/jvm/jdk1.8.0_45/jre/lib/amd64/libverify.so
7efc00436000-7efc00636000 ---p 0000d000 08:02 533642                     /usr/lib/jvm/jdk1.8.0_45/jre/lib/amd64/libverify.so
7efc00636000-7efc00638000 rw-p 0000d000 08:02 533642                     /usr/lib/jvm/jdk1.8.0_45/jre/lib/amd64/libverify.so
7efc00638000-7efc0063f000 r-xp 00000000 08:02 2397265                    /lib/x86_64-linux-gnu/librt-2.19.so
7efc0063f000-7efc0083e000 ---p 00007000 08:02 2397265                    /lib/x86_64-linux-gnu/librt-2.19.so
7efc0083e000-7efc0083f000 r--p 00006000 08:02 2397265                    /lib/x86_64-linux-gnu/librt-2.19.so
7efc0083f000-7efc00840000 rw-p 00007000 08:02 2397265                    /lib/x86_64-linux-gnu/librt-2.19.so
7efc00840000-7efc00945000 r-xp 00000000 08:02 2397247                    /lib/x86_64-linux-gnu/libm-2.19.so
7efc00945000-7efc00b44000 ---p 00105000 08:02 2397247                    /lib/x86_64-linux-gnu/libm-2.19.so
7efc00b44000-7efc00b45000 r--p 00104000 08:02 2397247                    /lib/x86_64-linux-gnu/libm-2.19.so
7efc00b45000-7efc00b46000 rw-p 00105000 08:02 2397247                    /lib/x86_64-linux-gnu/libm-2.19.so
7efc00b46000-7efc017f4000 r-xp 00000000 08:02 533650                     /usr/lib/jvm/jdk1.8.0_45/jre/lib/amd64/server/libjvm.so
7efc017f4000-7efc019f3000 ---p 00cae000 08:02 533650                     /usr/lib/jvm/jdk1.8.0_45/jre/lib/amd64/server/libjvm.so
7efc019f3000-7efc01aca000 rw-p 00cad000 08:02 533650                     /usr/lib/jvm/jdk1.8.0_45/jre/lib/amd64/server/libjvm.so
7efc01aca000-7efc01b0e000 rw-p 00000000 00:00 0 
7efc01b0e000-7efc01cc9000 r-xp 00000000 08:02 2397262                    /lib/x86_64-linux-gnu/libc-2.19.so
7efc01cc9000-7efc01ec8000 ---p 001bb000 08:02 2397262                    /lib/x86_64-linux-gnu/libc-2.19.so
7efc01ec8000-7efc01ecc000 r--p 001ba000 08:02 2397262                    /lib/x86_64-linux-gnu/libc-2.19.so
7efc01ecc000-7efc01ece000 rw-p 001be000 08:02 2397262                    /lib/x86_64-linux-gnu/libc-2.19.so
7efc01ece000-7efc01ed3000 rw-p 00000000 00:00 0 
7efc01ed3000-7efc01ed6000 r-xp 00000000 08:02 2397251                    /lib/x86_64-linux-gnu/libdl-2.19.so
7efc01ed6000-7efc020d5000 ---p 00003000 08:02 2397251                    /lib/x86_64-linux-gnu/libdl-2.19.so
7efc020d5000-7efc020d6000 r--p 00002000 08:02 2397251                    /lib/x86_64-linux-gnu/libdl-2.19.so
7efc020d6000-7efc020d7000 rw-p 00003000 08:02 2397251                    /lib/x86_64-linux-gnu/libdl-2.19.so
7efc020d7000-7efc020ec000 r-xp 00000000 08:02 1598732                    /usr/lib/jvm/jdk1.8.0_45/lib/amd64/jli/libjli.so
7efc020ec000-7efc022ec000 ---p 00015000 08:02 1598732                    /usr/lib/jvm/jdk1.8.0_45/lib/amd64/jli/libjli.so
7efc022ec000-7efc022ed000 rw-p 00015000 08:02 1598732                    /usr/lib/jvm/jdk1.8.0_45/lib/amd64/jli/libjli.so
7efc022ed000-7efc02306000 r-xp 00000000 08:02 2397263                    /lib/x86_64-linux-gnu/libpthread-2.19.so
7efc02306000-7efc02505000 ---p 00019000 08:02 2397263                    /lib/x86_64-linux-gnu/libpthread-2.19.so
7efc02505000-7efc02506000 r--p 00018000 08:02 2397263                    /lib/x86_64-linux-gnu/libpthread-2.19.so
7efc02506000-7efc02507000 rw-p 00019000 08:02 2397263                    /lib/x86_64-linux-gnu/libpthread-2.19.so
7efc02507000-7efc0250b000 rw-p 00000000 00:00 0 
7efc0250b000-7efc0252e000 r-xp 00000000 08:02 2397259                    /lib/x86_64-linux-gnu/ld-2.19.so
7efc0253e000-7efc0260a000 rw-p 00000000 00:00 0 
7efc0260a000-7efc0260d000 ---p 00000000 00:00 0 
7efc0260d000-7efc0270f000 rw-p 00000000 00:00 0                          [stack:2306]
7efc02720000-7efc02721000 rw-p 00000000 00:00 0 
7efc02721000-7efc02729000 rw-s 00000000 08:02 1885118                    /tmp/hsperfdata_super0/2304
7efc02729000-7efc0272a000 rw-p 00000000 00:00 0 
7efc0272a000-7efc0272b000 ---p 00000000 00:00 0 
7efc0272b000-7efc0272d000 rw-p 00000000 00:00 0 
7efc0272d000-7efc0272e000 r--p 00022000 08:02 2397259                    /lib/x86_64-linux-gnu/ld-2.19.so
7efc0272e000-7efc0272f000 rw-p 00023000 08:02 2397259                    /lib/x86_64-linux-gnu/ld-2.19.so
7efc0272f000-7efc02730000 rw-p 00000000 00:00 0 
7ffd1c772000-7ffd1c793000 rw-p 00000000 00:00 0                          [stack]
7ffd1c7d4000-7ffd1c7d6000 r-xp 00000000 00:00 0                          [vdso]
ffffffffff600000-ffffffffff601000 r-xp 00000000 00:00 0                  [vsyscall]

VM Arguments:
jvm_args: -Xmx2048m -Dfile.encoding=UTF-8 
java_command: edu.rcc.datastructures.TestSearch
java_class_path (initial): /home/super0/Dropbox/Private-Non-Public/Eclipse_Workspace/HashComparison/bin
Launcher Type: SUN_STANDARD

Environment Variables:
JAVA_HOME=/usr/lib/jvm/jdk1.8.0_45
PATH=/home/super0/bin:/usr/local/sbin:/usr/local/bin:/usr/sbin:/usr/bin:/sbin:/bin:/usr/games:/usr/local/games
SHELL=/bin/bash
DISPLAY=:0.0

Signal Handlers:
SIGSEGV: [libjvm.so+0xaad1e0], sa_mask[0]=11111111011111111101111111111110, sa_flags=SA_RESTART|SA_SIGINFO
SIGBUS: [libjvm.so+0xaad1e0], sa_mask[0]=11111111011111111101111111111110, sa_flags=SA_RESTART|SA_SIGINFO
SIGFPE: [libjvm.so+0x90b450], sa_mask[0]=11111111011111111101111111111110, sa_flags=SA_RESTART|SA_SIGINFO
SIGPIPE: [libjvm.so+0x90b450], sa_mask[0]=11111111011111111101111111111110, sa_flags=SA_RESTART|SA_SIGINFO
SIGXFSZ: [libjvm.so+0x90b450], sa_mask[0]=11111111011111111101111111111110, sa_flags=SA_RESTART|SA_SIGINFO
SIGILL: [libjvm.so+0x90b450], sa_mask[0]=11111111011111111101111111111110, sa_flags=SA_RESTART|SA_SIGINFO
SIGUSR1: SIG_DFL, sa_mask[0]=00000000000000000000000000000000, sa_flags=none
SIGUSR2: [libjvm.so+0x90ca90], sa_mask[0]=00100000000000000000000000000000, sa_flags=SA_RESTART|SA_SIGINFO
SIGHUP: [libjvm.so+0x90dde0], sa_mask[0]=11111111011111111101111111111110, sa_flags=SA_RESTART|SA_SIGINFO
SIGINT: [libjvm.so+0x90dde0], sa_mask[0]=11111111011111111101111111111110, sa_flags=SA_RESTART|SA_SIGINFO
SIGTERM: [libjvm.so+0x90dde0], sa_mask[0]=11111111011111111101111111111110, sa_flags=SA_RESTART|SA_SIGINFO
SIGQUIT: [libjvm.so+0x90dde0], sa_mask[0]=11111111011111111101111111111110, sa_flags=SA_RESTART|SA_SIGINFO


---------------  S Y S T E M  ---------------

OS:DISTRIB_ID=Ubuntu
DISTRIB_RELEASE=14.04
DISTRIB_CODENAME=trusty
DISTRIB_DESCRIPTION="Ubuntu 14.04.2 LTS"

uname:Linux 3.13.0-53-generic #89-Ubuntu SMP Wed May 20 10:34:39 UTC 2015 x86_64
libc:glibc 2.19 NPTL 2.19 
rlimit: STACK 8192k, CORE 0k, NPROC 28855, NOFILE 4096, AS infinity
load average:0.94 0.63 0.51

/proc/meminfo:
MemTotal:        3789856 kB
MemFree:          117620 kB
Buffers:           19588 kB
Cached:           214736 kB
SwapCached:            0 kB
Active:          3377756 kB
Inactive:         128040 kB
Active(anon):    3272584 kB
Inactive(anon):    20268 kB
Active(file):     105172 kB
Inactive(file):   107772 kB
Unevictable:          32 kB
Mlocked:              32 kB
SwapTotal:             0 kB
SwapFree:              0 kB
Dirty:               140 kB
Writeback:            16 kB
AnonPages:       3271672 kB
Mapped:            94972 kB
Shmem:             21212 kB
Slab:              71436 kB
SReclaimable:      38128 kB
SUnreclaim:        33308 kB
KernelStack:        3416 kB
PageTables:        31032 kB
NFS_Unstable:          0 kB
Bounce:                0 kB
WritebackTmp:          0 kB
CommitLimit:     1894928 kB
Committed_AS:    5367776 kB
VmallocTotal:   34359738367 kB
VmallocUsed:      293748 kB
VmallocChunk:   34359426512 kB
HardwareCorrupted:     0 kB
AnonHugePages:   1884160 kB
HugePages_Total:       0
HugePages_Free:        0
HugePages_Rsvd:        0
HugePages_Surp:        0
Hugepagesize:       2048 kB
DirectMap4k:      284288 kB
DirectMap2M:     3647488 kB
DirectMap1G:           0 kB


CPU:total 2 (2 cores per cpu, 1 threads per core) family 16 model 4 stepping 3, cmov, cx8, fxsr, mmx, sse, sse2, sse3, popcnt, mmxext, 3dnowpref, lzcnt, sse4a, tsc, tscinvbit, tscinv

/proc/cpuinfo:
processor	: 0
vendor_id	: AuthenticAMD
cpu family	: 16
model		: 4
model name	: AMD Phenom(tm) II X2 555 Processor
stepping	: 3
microcode	: 0x10000b6
cpu MHz		: 2100.000
cache size	: 512 KB
physical id	: 0
siblings	: 2
core id		: 0
cpu cores	: 2
apicid		: 0
initial apicid	: 0
fpu		: yes
fpu_exception	: yes
cpuid level	: 5
wp		: yes
flags		: fpu vme de pse tsc msr pae mce cx8 apic sep mtrr pge mca cmov pat pse36 clflush mmx fxsr sse sse2 ht syscall nx mmxext fxsr_opt pdpe1gb rdtscp lm 3dnowext 3dnow constant_tsc rep_good nopl nonstop_tsc extd_apicid pni monitor cx16 popcnt lahf_lm cmp_legacy svm extapic cr8_legacy abm sse4a misalignsse 3dnowprefetch osvw ibs skinit wdt hw_pstate npt lbrv svm_lock nrip_save vmmcall
bogomips	: 6412.66
TLB size	: 1024 4K pages
clflush size	: 64
cache_alignment	: 64
address sizes	: 48 bits physical, 48 bits virtual
power management: ts ttp tm stc 100mhzsteps hwpstate

processor	: 1
vendor_id	: AuthenticAMD
cpu family	: 16
model		: 4
model name	: AMD Phenom(tm) II X2 555 Processor
stepping	: 3
microcode	: 0x10000b6
cpu MHz		: 3200.000
cache size	: 512 KB
physical id	: 0
siblings	: 2
core id		: 1
cpu cores	: 2
apicid		: 1
initial apicid	: 1
fpu		: yes
fpu_exception	: yes
cpuid level	: 5
wp		: yes
flags		: fpu vme de pse tsc msr pae mce cx8 apic sep mtrr pge mca cmov pat pse36 clflush mmx fxsr sse sse2 ht syscall nx mmxext fxsr_opt pdpe1gb rdtscp lm 3dnowext 3dnow constant_tsc rep_good nopl nonstop_tsc extd_apicid pni monitor cx16 popcnt lahf_lm cmp_legacy svm extapic cr8_legacy abm sse4a misalignsse 3dnowprefetch osvw ibs skinit wdt hw_pstate npt lbrv svm_lock nrip_save vmmcall
bogomips	: 6412.66
TLB size	: 1024 4K pages
clflush size	: 64
cache_alignment	: 64
address sizes	: 48 bits physical, 48 bits virtual
power management: ts ttp tm stc 100mhzsteps hwpstate



Memory: 4k page, physical 3789856k(117620k free), swap 0k(0k free)

vm_info: Java HotSpot(TM) 64-Bit Server VM (25.45-b02) for linux-amd64 JRE (1.8.0_45-b14), built on Apr 10 2015 10:07:45 by "java_re" with gcc 4.3.0 20080428 (Red Hat 4.3.0-8)

time: Wed Jun 10 16:37:18 2015
elapsed time: 26 seconds (0d 0h 0m 26s)

